<?xml version="1.0" encoding="UTF-8"?>
<testsuite xmlns:xsi="http://www.w3.org/2001/XMLSchema-instance" xsi:noNamespaceSchemaLocation="https://maven.apache.org/surefire/maven-surefire-plugin/xsd/surefire-test-report-3.0.xsd" version="3.0" name="com.examly.springapp.SpringappApplicationTests" time="4.316" tests="79" errors="0" skipped="0" failures="0">
  <properties>
[...]
</properties>
  <testcase name="Day3_test_Controller_Directory_Exists" classname="com.examly.springapp.SpringappApplicationTests" time="0.152">
    <system-out><![CDATA[14:16:22.918 [main] DEBUG org.springframework.boot.test.context.SpringBootTestContextBootstrapper - Neither @ContextConfiguration nor @ContextHierarchy found for test class [SpringappApplicationTests]: using SpringBootContextLoader
14:16:22.921 [main] DEBUG org.springframework.test.context.support.AbstractContextLoader - Could not detect default resource locations for test class [com.examly.springapp.SpringappApplicationTests]: no resource found for suffixes {-context.xml, Context.groovy}.
14:16:22.921 [main] INFO org.springframework.test.context.support.AnnotationConfigContextLoaderUtils - Could not detect default configuration classes for test class [com.examly.springapp.SpringappApplicationTests]: SpringappApplicationTests does not declare any static, non-private, non-final, nested classes annotated with @Configuration.
14:16:22.948 [main] DEBUG org.springframework.boot.test.context.SpringBootTestContextBootstrapper - Using ContextCustomizers for test class [SpringappApplicationTests]: [ImportsContextCustomizer, ExcludeFilterContextCustomizer, DuplicateJsonObjectContextCustomizer, MockitoContextCustomizer, TestRestTemplateContextCustomizer, DisableObservabilityContextCustomizer, PropertyMappingContextCustomizer, Customizer]
14:16:22.995 [main] DEBUG org.springframework.context.annotation.ClassPathScanningCandidateComponentProvider - Identified candidate component class: file [/home/coder/project/workspace/springapp/target/classes/com/examly/springapp/SpringappApplication.class]
14:16:22.996 [main] INFO org.springframework.boot.test.context.SpringBootTestContextBootstrapper - Found @SpringBootConfiguration com.examly.springapp.SpringappApplication for test class com.examly.springapp.SpringappApplicationTests
14:16:23.066 [main] DEBUG org.springframework.boot.test.context.SpringBootTestContextBootstrapper - Using TestExecutionListeners for test class [SpringappApplicationTests]: [ServletTestExecutionListener, DirtiesContextBeforeModesTestExecutionListener, ApplicationEventsTestExecutionListener, MockitoTestExecutionListener, DependencyInjectionTestExecutionListener, DirtiesContextTestExecutionListener, TransactionalTestExecutionListener, SqlScriptsTestExecutionListener, EventPublishingTestExecutionListener, ResetMocksTestExecutionListener, RestDocsTestExecutionListener, MockRestServiceServerResetTestExecutionListener, MockMvcPrintOnlyOnFailureTestExecutionListener, WebDriverTestExecutionListener, MockWebServiceServerTestExecutionListener]
14:16:23.067 [main] DEBUG org.springframework.test.context.support.AbstractDirtiesContextTestExecutionListener - Before test class: class [SpringappApplicationTests], class annotated with @DirtiesContext [false] with mode [null]

  .   ____          _            __ _ _
 /\\ / ___'_ __ _ _(_)_ __  __ _ \ \ \ \
( ( )\___ | '_ | '_| | '_ \/ _` | \ \ \ \
 \\/  ___)| |_)| | | | | || (_| |  ) ) ) )
  '  |____| .__|_| |_|_| |_\__, | / / / /
 =========|_|==============|___/=/_/_/_/
 :: Spring Boot ::                (v3.0.1)

2025-12-25T14:16:23.291Z  INFO 14812 --- [           main] c.e.springapp.SpringappApplicationTests  : Starting SpringappApplicationTests using Java 17.0.17 with PID 14812 (started by coder in /home/coder/project/workspace/springapp)
2025-12-25T14:16:23.293Z  INFO 14812 --- [           main] c.e.springapp.SpringappApplicationTests  : No active profile set, falling back to 1 default profile: "default"
2025-12-25T14:16:23.763Z  INFO 14812 --- [           main] .s.d.r.c.RepositoryConfigurationDelegate : Bootstrapping Spring Data JPA repositories in DEFAULT mode.
2025-12-25T14:16:23.822Z  INFO 14812 --- [           main] .s.d.r.c.RepositoryConfigurationDelegate : Finished Spring Data repository scanning in 53 ms. Found 5 JPA repository interfaces.
2025-12-25T14:16:24.110Z  INFO 14812 --- [           main] o.hibernate.jpa.internal.util.LogHelper  : HHH000204: Processing PersistenceUnitInfo [name: default]
2025-12-25T14:16:24.138Z  INFO 14812 --- [           main] org.hibernate.Version                    : HHH000412: Hibernate ORM core version 6.1.6.Final
2025-12-25T14:16:24.239Z  WARN 14812 --- [           main] org.hibernate.orm.deprecation            : HHH90000021: Encountered deprecated setting [javax.persistence.sharedCache.mode], use [jakarta.persistence.sharedCache.mode] instead
2025-12-25T14:16:24.328Z  INFO 14812 --- [           main] com.zaxxer.hikari.HikariDataSource       : HikariPool-1 - Starting...
2025-12-25T14:16:24.453Z  INFO 14812 --- [           main] com.zaxxer.hikari.pool.HikariPool        : HikariPool-1 - Added connection com.mysql.cj.jdbc.ConnectionImpl@2cc75b25
2025-12-25T14:16:24.455Z  INFO 14812 --- [           main] com.zaxxer.hikari.HikariDataSource       : HikariPool-1 - Start completed.
2025-12-25T14:16:24.470Z  INFO 14812 --- [           main] SQL dialect                              : HHH000400: Using dialect: org.hibernate.dialect.MySQL8Dialect
2025-12-25T14:16:24.470Z  WARN 14812 --- [           main] org.hibernate.orm.deprecation            : HHH90000026: MySQL8Dialect has been deprecated; use org.hibernate.dialect.MySQLDialect instead
Hibernate: alter table comment drop foreign key FKgtfo9tqm7m3eu848a9yyanmu4
Hibernate: alter table comment drop foreign key FK8kcum44fvpupyw6f5baccx25c
Hibernate: alter table grievance drop foreign key FKeh8vtgu3nvihmud4c3g7682ra
Hibernate: alter table grievance drop foreign key FK8620u343dwug0bim5yu4xo6qj
Hibernate: alter table grievance_category drop foreign key FKaf9oous8ir0pfe2mkr0snb29n
Hibernate: alter table user drop foreign key FKgkh2fko1e4ydv1y6vtrwdc6my
Hibernate: drop table if exists comment
Hibernate: drop table if exists department
Hibernate: drop table if exists grievance
Hibernate: drop table if exists grievance_category
Hibernate: drop table if exists user
Hibernate: create table comment (comment_id bigint not null auto_increment, content varchar(255), is_internal bit, grievance_id bigint, user_id bigint, primary key (comment_id)) engine=InnoDB
Hibernate: create table department (department_id bigint not null auto_increment, contact_email varchar(255), contact_phone varchar(255), department_name varchar(255), primary key (department_id)) engine=InnoDB
Hibernate: create table grievance (grievance_id bigint not null auto_increment, description varchar(255), priority varchar(255), title varchar(255), complainant_id bigint, category_id bigint, primary key (grievance_id)) engine=InnoDB
Hibernate: create table grievance_category (category_id bigint not null auto_increment, category_name varchar(255), description varchar(255), department_id bigint, primary key (category_id)) engine=InnoDB
Hibernate: create table user (user_id bigint not null auto_increment, email varchar(255), password varchar(255), phone_number varchar(255), role varchar(255), username varchar(255), department_id bigint, primary key (user_id)) engine=InnoDB
Hibernate: alter table comment add constraint FKgtfo9tqm7m3eu848a9yyanmu4 foreign key (grievance_id) references grievance (grievance_id)
Hibernate: alter table comment add constraint FK8kcum44fvpupyw6f5baccx25c foreign key (user_id) references user (user_id)
Hibernate: alter table grievance add constraint FKeh8vtgu3nvihmud4c3g7682ra foreign key (complainant_id) references user (user_id)
Hibernate: alter table grievance add constraint FK8620u343dwug0bim5yu4xo6qj foreign key (category_id) references grievance_category (category_id)
Hibernate: alter table grievance_category add constraint FKaf9oous8ir0pfe2mkr0snb29n foreign key (department_id) references department (department_id)
Hibernate: alter table user add constraint FKgkh2fko1e4ydv1y6vtrwdc6my foreign key (department_id) references department (department_id)
2025-12-25T14:16:25.465Z  INFO 14812 --- [           main] o.h.e.t.j.p.i.JtaPlatformInitiator       : HHH000490: Using JtaPlatform implementation: [org.hibernate.engine.transaction.jta.platform.internal.NoJtaPlatform]
2025-12-25T14:16:25.471Z  INFO 14812 --- [           main] j.LocalContainerEntityManagerFactoryBean : Initialized JPA EntityManagerFactory for persistence unit 'default'
2025-12-25T14:16:26.023Z  WARN 14812 --- [           main] JpaBaseConfiguration$JpaWebConfiguration : spring.jpa.open-in-view is enabled by default. Therefore, database queries may be performed during view rendering. Explicitly configure spring.jpa.open-in-view to disable this warning
2025-12-25T14:16:26.299Z  INFO 14812 --- [           main] o.s.b.t.m.w.SpringBootMockServletContext : Initializing Spring TestDispatcherServlet ''
2025-12-25T14:16:26.299Z  INFO 14812 --- [           main] o.s.t.web.servlet.TestDispatcherServlet  : Initializing Servlet ''
2025-12-25T14:16:26.301Z  INFO 14812 --- [           main] o.s.t.web.servlet.TestDispatcherServlet  : Completed initialization in 1 ms
2025-12-25T14:16:26.324Z  INFO 14812 --- [           main] c.e.springapp.SpringappApplicationTests  : Started SpringappApplicationTests in 3.227 seconds (process running for 3.974)
]]></system-out>
  </testcase>
  <testcase name="Day3_test_Model_Directory_Exists" classname="com.examly.springapp.SpringappApplicationTests" time="0.002"/>
  <testcase name="Day3_test_Service_Directory_Exists" classname="com.examly.springapp.SpringappApplicationTests" time="0.002"/>
  <testcase name="Day3_test_Repository_Directory_Exists" classname="com.examly.springapp.SpringappApplicationTests" time="0.002"/>
  <testcase name="Day4_test_UserModel_File_Exists" classname="com.examly.springapp.SpringappApplicationTests" time="0.002"/>
  <testcase name="Day4_test_DepartmentModel_File_Exists" classname="com.examly.springapp.SpringappApplicationTests" time="0.002"/>
  <testcase name="Day4_test_GrievanceModel_File_Exists" classname="com.examly.springapp.SpringappApplicationTests" time="0.001"/>
  <testcase name="Day4_test_GrievanceCategory_File_Exists" classname="com.examly.springapp.SpringappApplicationTests" time="0.001"/>
  <testcase name="Day4_test_Comment_File_Exists" classname="com.examly.springapp.SpringappApplicationTests" time="0.002"/>
  <testcase name="Day4_test_Grievance_Has_Entity_Annotation" classname="com.examly.springapp.SpringappApplicationTests" time="0.002"/>
  <testcase name="Day4_test_Grievance_Has_Id_Annotation_On_Field" classname="com.examly.springapp.SpringappApplicationTests" time="0.002"/>
  <testcase name="Day5_test_UserRepository_File_Exists" classname="com.examly.springapp.SpringappApplicationTests" time="0.002"/>
  <testcase name="Day5_test_DepartmentRepository_File_Exists" classname="com.examly.springapp.SpringappApplicationTests" time="0.002"/>
  <testcase name="Day5_test_GrievanceRepository_File_Exists" classname="com.examly.springapp.SpringappApplicationTests" time="0.002"/>
  <testcase name="Day5_test_GrievanceCategoryRepository_File_Exists" classname="com.examly.springapp.SpringappApplicationTests" time="0.002"/>
  <testcase name="Day5_test_CommentRepository_File_Exists" classname="com.examly.springapp.SpringappApplicationTests" time="0.002"/>
  <testcase name="Day5_test_UserRepository_Has_Repository_Annotation" classname="com.examly.springapp.SpringappApplicationTests" time="0.002"/>
  <testcase name="Day5_test_DepartmentRepository_Has_Repository_Annotation" classname="com.examly.springapp.SpringappApplicationTests" time="0.002"/>
  <testcase name="Day5_test_GrievanceRepository_Has_Repository_Annotation" classname="com.examly.springapp.SpringappApplicationTests" time="0.002"/>
  <testcase name="Day5_test_GrievanceCategoryRepository_Has_Repository_Annotation" classname="com.examly.springapp.SpringappApplicationTests" time="0.001"/>
  <testcase name="Day5_test_CommentRepository_Has_Repository_Annotation" classname="com.examly.springapp.SpringappApplicationTests" time="0.001"/>
  <testcase name="Day6_test_UserController_File_Exists" classname="com.examly.springapp.SpringappApplicationTests" time="0.001"/>
  <testcase name="Day6_test_DepartmentController_File_Exists" classname="com.examly.springapp.SpringappApplicationTests" time="0.001"/>
  <testcase name="Day6_test_GrievanceController_File_Exists" classname="com.examly.springapp.SpringappApplicationTests" time="0.001"/>
  <testcase name="Day6_test_GrievanceCategoryController_File_Exists" classname="com.examly.springapp.SpringappApplicationTests" time="0.001"/>
  <testcase name="Day6_test_CommentController_File_Exists" classname="com.examly.springapp.SpringappApplicationTests" time="0.002"/>
  <testcase name="Day6_test_UserController_Has_RestController_Annotation" classname="com.examly.springapp.SpringappApplicationTests" time="0.002"/>
  <testcase name="Day6_test_GrievanceController_Has_RestController_Annotation" classname="com.examly.springapp.SpringappApplicationTests" time="0.002"/>
  <testcase name="Day6_test_GrievanceController_Has_PostMapping" classname="com.examly.springapp.SpringappApplicationTests" time="0.002"/>
  <testcase name="Day6_test_GrievanceController_Has_GetMapping" classname="com.examly.springapp.SpringappApplicationTests" time="0.001"/>
  <testcase name="Day6_test_GrievanceController_Has_PutMapping" classname="com.examly.springapp.SpringappApplicationTests" time="0.001"/>
  <testcase name="Day6_test_GrievanceController_Has_DeleteMapping" classname="com.examly.springapp.SpringappApplicationTests" time="0.001"/>
  <testcase name="Day6_testCreateGrievance_NoBody_StatusBadRequest" classname="com.examly.springapp.SpringappApplicationTests" time="0.085"/>
  <testcase name="Day6_testGetAllGrievances_StatusNoContent" classname="com.examly.springapp.SpringappApplicationTests" time="0.069">
    <system-out><![CDATA[Hibernate: select g1_0.grievance_id,g1_0.complainant_id,g1_0.description,g1_0.category_id,g1_0.priority,g1_0.title from grievance g1_0
]]></system-out>
  </testcase>
  <testcase name="Day6_testGetGrievanceById_StatusNotFound" classname="com.examly.springapp.SpringappApplicationTests" time="0.02">
    <system-out><![CDATA[Hibernate: select g1_0.grievance_id,c1_0.user_id,d1_0.department_id,d1_0.contact_email,d1_0.contact_phone,d1_0.department_name,c1_0.email,c1_0.password,c1_0.phone_number,c1_0.role,c1_0.username,g1_0.description,g2_0.category_id,g2_0.category_name,d2_0.department_id,d2_0.contact_email,d2_0.contact_phone,d2_0.department_name,g2_0.description,g1_0.priority,g1_0.title from grievance g1_0 left join user c1_0 on c1_0.user_id=g1_0.complainant_id left join department d1_0 on d1_0.department_id=c1_0.department_id left join grievance_category g2_0 on g2_0.category_id=g1_0.category_id left join department d2_0 on d2_0.department_id=g2_0.department_id where g1_0.grievance_id=?
]]></system-out>
  </testcase>
  <testcase name="Day7_test_UserController_Has_RequestMapping" classname="com.examly.springapp.SpringappApplicationTests" time="0.001"/>
  <testcase name="Day7_test_UserController_Has_PathVariable" classname="com.examly.springapp.SpringappApplicationTests" time="0.002"/>
  <testcase name="Day7_test_GrievanceController_Has_RequestMapping" classname="com.examly.springapp.SpringappApplicationTests" time="0.002"/>
  <testcase name="Day7_test_DepartmentController_Has_RequestMapping" classname="com.examly.springapp.SpringappApplicationTests" time="0.002"/>
  <testcase name="Day7_test_GrievanceController_Has_PathVariable" classname="com.examly.springapp.SpringappApplicationTests" time="0.002"/>
  <testcase name="Day7_test_DepartmentController_Has_PathVariable" classname="com.examly.springapp.SpringappApplicationTests" time="0.001"/>
  <testcase name="Day7_test_GrievanceCategoryController_Has_RequestMapping" classname="com.examly.springapp.SpringappApplicationTests" time="0.001"/>
  <testcase name="Day8_test_UserService_File_Exists" classname="com.examly.springapp.SpringappApplicationTests" time="0.002"/>
  <testcase name="Day8_test_DepartmentService_File_Exists" classname="com.examly.springapp.SpringappApplicationTests" time="0.001"/>
  <testcase name="Day8_test_GrievanceService_File_Exists" classname="com.examly.springapp.SpringappApplicationTests" time="0.001"/>
  <testcase name="Day8_test_GrievanceCategoryService_File_Exists" classname="com.examly.springapp.SpringappApplicationTests" time="0.001"/>
  <testcase name="Day8_test_CommentService_File_Exists" classname="com.examly.springapp.SpringappApplicationTests" time="0.002"/>
  <testcase name="Day8_test_UserServiceImpl_File_Exists" classname="com.examly.springapp.SpringappApplicationTests" time="0.001"/>
  <testcase name="Day8_test_DepartmentServiceImpl_File_Exists" classname="com.examly.springapp.SpringappApplicationTests" time="0.001"/>
  <testcase name="Day8_test_GrievanceServiceImpl_File_Exists" classname="com.examly.springapp.SpringappApplicationTests" time="0.001"/>
  <testcase name="Day8_test_GrievanceCategoryServiceImpl_File_Exists" classname="com.examly.springapp.SpringappApplicationTests" time="0.001"/>
  <testcase name="Day8_test_CommentServiceImpl_File_Exists" classname="com.examly.springapp.SpringappApplicationTests" time="0.002"/>
  <testcase name="Day8_testAddDepartment" classname="com.examly.springapp.SpringappApplicationTests" time="0.057">
    <system-out><![CDATA[Hibernate: insert into department (contact_email, contact_phone, department_name) values (?, ?, ?)
]]></system-out>
  </testcase>
  <testcase name="Day8_testGetAllDepartments" classname="com.examly.springapp.SpringappApplicationTests" time="0.012">
    <system-out><![CDATA[Hibernate: select d1_0.department_id,d1_0.contact_email,d1_0.contact_phone,d1_0.department_name from department d1_0
]]></system-out>
  </testcase>
  <testcase name="Day8_testGetDepartmentById" classname="com.examly.springapp.SpringappApplicationTests" time="0.007">
    <system-out><![CDATA[Hibernate: select d1_0.department_id,d1_0.contact_email,d1_0.contact_phone,d1_0.department_name from department d1_0 where d1_0.department_id=?
]]></system-out>
  </testcase>
  <testcase name="Day8_testUpdateDepartment" classname="com.examly.springapp.SpringappApplicationTests" time="0.014">
    <system-out><![CDATA[Hibernate: select d1_0.department_id,d1_0.contact_email,d1_0.contact_phone,d1_0.department_name from department d1_0 where d1_0.department_id=?
Hibernate: update department set contact_email=?, contact_phone=?, department_name=? where department_id=?
]]></system-out>
  </testcase>
  <testcase name="Day9_testPagination_PageNumberApplied" classname="com.examly.springapp.SpringappApplicationTests" time="0.024">
    <system-out><![CDATA[Hibernate: select d1_0.department_id,d1_0.contact_email,d1_0.contact_phone,d1_0.department_name from department d1_0 order by d1_0.department_id asc limit ?,?
]]></system-out>
  </testcase>
  <testcase name="Day9_testPagination_PageSizeApplied" classname="com.examly.springapp.SpringappApplicationTests" time="0.01">
    <system-out><![CDATA[Hibernate: select d1_0.department_id,d1_0.contact_email,d1_0.contact_phone,d1_0.department_name from department d1_0 order by d1_0.department_id asc limit ?,?
Hibernate: select count(d1_0.department_id) from department d1_0
]]></system-out>
  </testcase>
  <testcase name="Day9_testPagination_SortingPresent" classname="com.examly.springapp.SpringappApplicationTests" time="0.008">
    <system-out><![CDATA[Hibernate: select d1_0.department_id,d1_0.contact_email,d1_0.contact_phone,d1_0.department_name from department d1_0 order by d1_0.department_id asc limit ?,?
]]></system-out>
  </testcase>
  <testcase name="Day9_testPagination_ContentArrayExists" classname="com.examly.springapp.SpringappApplicationTests" time="0.007">
    <system-out><![CDATA[Hibernate: select d1_0.department_id,d1_0.contact_email,d1_0.contact_phone,d1_0.department_name from department d1_0 order by d1_0.department_id asc limit ?,?
]]></system-out>
  </testcase>
  <testcase name="Day9_testPagination_TotalElementsExists" classname="com.examly.springapp.SpringappApplicationTests" time="0.007">
    <system-out><![CDATA[Hibernate: select d1_0.department_id,d1_0.contact_email,d1_0.contact_phone,d1_0.department_name from department d1_0 order by d1_0.department_id asc limit ?,?
]]></system-out>
  </testcase>
  <testcase name="Day9_testPagination_TotalPagesExists" classname="com.examly.springapp.SpringappApplicationTests" time="0.006">
    <system-out><![CDATA[Hibernate: select d1_0.department_id,d1_0.contact_email,d1_0.contact_phone,d1_0.department_name from department d1_0 order by d1_0.department_id asc limit ?,?
]]></system-out>
  </testcase>
  <testcase name="Day10_testAddUser" classname="com.examly.springapp.SpringappApplicationTests" time="0.012">
    <system-out><![CDATA[Hibernate: insert into user (department_id, email, password, phone_number, role, username) values (?, ?, ?, ?, ?, ?)
]]></system-out>
  </testcase>
  <testcase name="Day10_testGetAllUsers" classname="com.examly.springapp.SpringappApplicationTests" time="0.008">
    <system-out><![CDATA[Hibernate: select u1_0.user_id,u1_0.department_id,u1_0.email,u1_0.password,u1_0.phone_number,u1_0.role,u1_0.username from user u1_0
Hibernate: select d1_0.department_id,d1_0.contact_email,d1_0.contact_phone,d1_0.department_name from department d1_0 where d1_0.department_id=?
]]></system-out>
  </testcase>
  <testcase name="Day10_testGetUserById" classname="com.examly.springapp.SpringappApplicationTests" time="0.007">
    <system-out><![CDATA[Hibernate: select u1_0.user_id,d1_0.department_id,d1_0.contact_email,d1_0.contact_phone,d1_0.department_name,u1_0.email,u1_0.password,u1_0.phone_number,u1_0.role,u1_0.username from user u1_0 left join department d1_0 on d1_0.department_id=u1_0.department_id where u1_0.user_id=?
]]></system-out>
  </testcase>
  <testcase name="Day10_testUpdateUser" classname="com.examly.springapp.SpringappApplicationTests" time="0.011">
    <system-out><![CDATA[Hibernate: select u1_0.user_id,d1_0.department_id,d1_0.contact_email,d1_0.contact_phone,d1_0.department_name,u1_0.email,u1_0.password,u1_0.phone_number,u1_0.role,u1_0.username from user u1_0 left join department d1_0 on d1_0.department_id=u1_0.department_id where u1_0.user_id=?
Hibernate: update user set department_id=?, email=?, password=?, phone_number=?, role=?, username=? where user_id=?
]]></system-out>
  </testcase>
  <testcase name="Day10_testAddGrievanceCategory" classname="com.examly.springapp.SpringappApplicationTests" time="0.017">
    <system-out><![CDATA[Hibernate: insert into department (contact_email, contact_phone, department_name) values (?, ?, ?)
Hibernate: insert into grievance_category (category_name, department_id, description) values (?, ?, ?)
]]></system-out>
  </testcase>
  <testcase name="Day10_testGetAllGrievanceCategories" classname="com.examly.springapp.SpringappApplicationTests" time="0.013">
    <system-out><![CDATA[Hibernate: select g1_0.category_id,g1_0.category_name,g1_0.department_id,g1_0.description from grievance_category g1_0
Hibernate: select d1_0.department_id,d1_0.contact_email,d1_0.contact_phone,d1_0.department_name from department d1_0 where d1_0.department_id=?
]]></system-out>
  </testcase>
  <testcase name="Day10_testGetGrievanceCategoryById" classname="com.examly.springapp.SpringappApplicationTests" time="0.008">
    <system-out><![CDATA[Hibernate: select g1_0.category_id,g1_0.category_name,d1_0.department_id,d1_0.contact_email,d1_0.contact_phone,d1_0.department_name,g1_0.description from grievance_category g1_0 left join department d1_0 on d1_0.department_id=g1_0.department_id where g1_0.category_id=?
]]></system-out>
  </testcase>
  <testcase name="Day10_testUpdateGrievanceCategory" classname="com.examly.springapp.SpringappApplicationTests" time="0.011">
    <system-out><![CDATA[Hibernate: select g1_0.category_id,g1_0.category_name,d1_0.department_id,d1_0.contact_email,d1_0.contact_phone,d1_0.department_name,g1_0.description from grievance_category g1_0 left join department d1_0 on d1_0.department_id=g1_0.department_id where g1_0.category_id=?
Hibernate: update grievance_category set category_name=?, department_id=?, description=? where category_id=?
]]></system-out>
  </testcase>
  <testcase name="Day11_testSearchGrievanceCategories" classname="com.examly.springapp.SpringappApplicationTests" time="0.037">
    <system-out><![CDATA[Hibernate: insert into grievance_category (category_name, department_id, description) values (?, ?, ?)
Hibernate: select g1_0.category_id,g1_0.category_name,g1_0.department_id,g1_0.description from grievance_category g1_0 where g1_0.category_name like ? or g1_0.description like ?
Hibernate: select d1_0.department_id,d1_0.contact_email,d1_0.contact_phone,d1_0.department_name from department d1_0 where d1_0.department_id=?
]]></system-out>
  </testcase>
  <testcase name="Day12_testAddComment" classname="com.examly.springapp.SpringappApplicationTests" time="0.017">
    <system-out><![CDATA[Hibernate: insert into grievance (complainant_id, description, category_id, priority, title) values (?, ?, ?, ?, ?)
Hibernate: insert into comment (content, grievance_id, is_internal, user_id) values (?, ?, ?, ?)
]]></system-out>
  </testcase>
  <testcase name="Day12_testGetAllComments" classname="com.examly.springapp.SpringappApplicationTests" time="0.01">
    <system-out><![CDATA[Hibernate: select c1_0.comment_id,c1_0.content,c1_0.grievance_id,c1_0.is_internal,c1_0.user_id from comment c1_0
Hibernate: select g1_0.grievance_id,c1_0.user_id,d1_0.department_id,d1_0.contact_email,d1_0.contact_phone,d1_0.department_name,c1_0.email,c1_0.password,c1_0.phone_number,c1_0.role,c1_0.username,g1_0.description,g2_0.category_id,g2_0.category_name,d2_0.department_id,d2_0.contact_email,d2_0.contact_phone,d2_0.department_name,g2_0.description,g1_0.priority,g1_0.title from grievance g1_0 left join user c1_0 on c1_0.user_id=g1_0.complainant_id left join department d1_0 on d1_0.department_id=c1_0.department_id left join grievance_category g2_0 on g2_0.category_id=g1_0.category_id left join department d2_0 on d2_0.department_id=g2_0.department_id where g1_0.grievance_id=?
]]></system-out>
  </testcase>
  <testcase name="Day12_testGetCommentById" classname="com.examly.springapp.SpringappApplicationTests" time="0.009">
    <system-out><![CDATA[Hibernate: select c1_0.comment_id,c1_0.content,g1_0.grievance_id,c2_0.user_id,c2_0.department_id,c2_0.email,c2_0.password,c2_0.phone_number,c2_0.role,c2_0.username,g1_0.description,g2_0.category_id,g2_0.category_name,g2_0.department_id,g2_0.description,g1_0.priority,g1_0.title,c1_0.is_internal,u1_0.user_id,d1_0.department_id,d1_0.contact_email,d1_0.contact_phone,d1_0.department_name,u1_0.email,u1_0.password,u1_0.phone_number,u1_0.role,u1_0.username from comment c1_0 left join grievance g1_0 on g1_0.grievance_id=c1_0.grievance_id left join user c2_0 on c2_0.user_id=g1_0.complainant_id left join grievance_category g2_0 on g2_0.category_id=g1_0.category_id left join user u1_0 on u1_0.user_id=c1_0.user_id left join department d1_0 on d1_0.department_id=u1_0.department_id where c1_0.comment_id=?
]]></system-out>
  </testcase>
  <testcase name="Day12_testUpdateComment" classname="com.examly.springapp.SpringappApplicationTests" time="0.012">
    <system-out><![CDATA[Hibernate: select c1_0.comment_id,c1_0.content,g1_0.grievance_id,c2_0.user_id,c2_0.department_id,c2_0.email,c2_0.password,c2_0.phone_number,c2_0.role,c2_0.username,g1_0.description,g2_0.category_id,g2_0.category_name,g2_0.department_id,g2_0.description,g1_0.priority,g1_0.title,c1_0.is_internal,u1_0.user_id,d1_0.department_id,d1_0.contact_email,d1_0.contact_phone,d1_0.department_name,u1_0.email,u1_0.password,u1_0.phone_number,u1_0.role,u1_0.username from comment c1_0 left join grievance g1_0 on g1_0.grievance_id=c1_0.grievance_id left join user c2_0 on c2_0.user_id=g1_0.complainant_id left join grievance_category g2_0 on g2_0.category_id=g1_0.category_id left join user u1_0 on u1_0.user_id=c1_0.user_id left join department d1_0 on d1_0.department_id=u1_0.department_id where c1_0.comment_id=?
Hibernate: update comment set content=?, grievance_id=?, is_internal=?, user_id=? where comment_id=?
]]></system-out>
  </testcase>
  <testcase name="Day13_test_execption_Directory_Exists" classname="com.examly.springapp.SpringappApplicationTests" time="0.001"/>
  <testcase name="Day13_test_GloabalEception_File_Exists" classname="com.examly.springapp.SpringappApplicationTests" time="0.001"/>
  <testcase name="Day14test_configuartion_Directory_Exists" classname="com.examly.springapp.SpringappApplicationTests" time="0.002"/>
  <testcase name="Day15_testAOPLogFileExists" classname="com.examly.springapp.SpringappApplicationTests" time="0.001"/>
</testsuite>